2026-03-14 00:47:29,823 [ROTATOR] ============================================================
2026-03-14 00:47:29,823 [ROTATOR] NEXUS TASK ROTATOR ONLINE
2026-03-14 00:47:29,824 [ROTATOR]   Blackboard: C:\Users\fyou1\Desktop\New folder\nexus-ultra\nexus_blackboard.json
2026-03-14 00:47:29,824 [ROTATOR]   Check interval: 60s
2026-03-14 00:47:29,825 [ROTATOR]   Min queue size: 3
2026-03-14 00:47:29,825 [ROTATOR]   Task pool size: 10
2026-03-14 00:47:29,826 [ROTATOR] ============================================================
C:\Users\fyou1\Desktop\New folder\nexus-ultra\nexus_task_rotator.py:119: DeprecationWarning: datetime.datetime.utcnow() is deprecated and scheduled for removal in a future version. Use timezone-aware objects to represent datetimes in UTC: datetime.datetime.now(datetime.UTC).
  bb["task_rotator_last_run"] = datetime.utcnow().isoformat()
2026-03-14 00:47:29,830 [ROTATOR] Refilled 3 tasks (index 0 \u2192 3)
2026-03-14 00:47:29,835 [ROTATOR]   \u2192 Analyze the current agent pipeline and suggest one specific improvement to commu...
2026-03-14 00:47:29,836 [ROTATOR]   \u2192 Review recent blackboard outputs and identify the most common failure pattern ac...
2026-03-14 00:47:29,836 [ROTATOR]   \u2192 Generate 5 new high-value tasks that would push swarm capability further than cu...
2026-03-14 00:48:29,853 [ROTATOR] Refilled 3 tasks (index 0 \u2192 3)
2026-03-14 00:48:29,854 [ROTATOR]   \u2192 Analyze the current agent pipeline and suggest one specific improvement to commu...
2026-03-14 00:48:29,855 [ROTATOR]   \u2192 Review recent blackboard outputs and identify the most common failure pattern ac...
2026-03-14 00:48:29,856 [ROTATOR]   \u2192 Generate 5 new high-value tasks that would push swarm capability further than cu...
2026-03-14 00:49:29,863 [ROTATOR] Refilled 3 tasks (index 0 \u2192 3)
2026-03-14 00:49:29,864 [ROTATOR]   \u2192 Analyze the current agent pipeline and suggest one specific improvement to commu...
2026-03-14 00:49:29,865 [ROTATOR]   \u2192 Review recent blackboard outputs and identify the most common failure pattern ac...
2026-03-14 00:49:29,865 [ROTATOR]   \u2192 Generate 5 new high-value tasks that would push swarm capability further than cu...
2026-03-14 00:50:29,877 [ROTATOR] Refilled 3 tasks (index 0 \u2192 3)
2026-03-14 00:50:29,878 [ROTATOR]   \u2192 Analyze the current agent pipeline and suggest one specific improvement to commu...
2026-03-14 00:50:29,878 [ROTATOR]   \u2192 Review recent blackboard outputs and identify the most common failure pattern ac...
2026-03-14 00:50:29,878 [ROTATOR]   \u2192 Generate 5 new high-value tasks that would push swarm capability further than cu...
2026-03-14 00:51:29,894 [ROTATOR] Refilled 3 tasks (index 0 \u2192 3)
2026-03-14 00:51:29,895 [ROTATOR]   \u2192 Analyze the current agent pipeline and suggest one specific improvement to commu...
2026-03-14 00:51:29,898 [ROTATOR]   \u2192 Review recent blackboard outputs and identify the most common failure pattern ac...
2026-03-14 00:51:29,900 [ROTATOR]   \u2192 Generate 5 new high-value tasks that would push swarm capability further than cu...
2026-03-14 00:52:29,918 [ROTATOR] Refilled 3 tasks (index 0 \u2192 3)
2026-03-14 00:52:29,919 [ROTATOR]   \u2192 Analyze the current agent pipeline and suggest one specific improvement to commu...
2026-03-14 00:52:29,919 [ROTATOR]   \u2192 Review recent blackboard outputs and identify the most common failure pattern ac...
2026-03-14 00:52:29,919 [ROTATOR]   \u2192 Generate 5 new high-value tasks that would push swarm capability further than cu...
2026-03-14 00:53:29,934 [ROTATOR] Refilled 3 tasks (index 0 \u2192 3)
2026-03-14 00:53:29,935 [ROTATOR]   \u2192 Analyze the current agent pipeline and suggest one specific improvement to commu...
2026-03-14 00:53:29,935 [ROTATOR]   \u2192 Review recent blackboard outputs and identify the most common failure pattern ac...
2026-03-14 00:53:29,936 [ROTATOR]   \u2192 Generate 5 new high-value tasks that would push swarm capability further than cu...
2026-03-14 00:54:29,953 [ROTATOR] Refilled 3 tasks (index 0 \u2192 3)
2026-03-14 00:54:29,954 [ROTATOR]   \u2192 Analyze the current agent pipeline and suggest one specific improvement to commu...
2026-03-14 00:54:29,955 [ROTATOR]   \u2192 Review recent blackboard outputs and identify the most common failure pattern ac...
2026-03-14 00:54:29,955 [ROTATOR]   \u2192 Generate 5 new high-value tasks that would push swarm capability further than cu...
2026-03-14 00:55:29,966 [ROTATOR] Refilled 3 tasks (index 0 \u2192 3)
2026-03-14 00:55:29,967 [ROTATOR]   \u2192 Analyze the current agent pipeline and suggest one specific improvement to commu...
2026-03-14 00:55:29,968 [ROTATOR]   \u2192 Review recent blackboard outputs and identify the most common failure pattern ac...
2026-03-14 00:55:29,968 [ROTATOR]   \u2192 Generate 5 new high-value tasks that would push swarm capability further than cu...
2026-03-14 00:56:29,988 [ROTATOR] Refilled 3 tasks (index 0 \u2192 3)
2026-03-14 00:56:29,990 [ROTATOR]   \u2192 Analyze the current agent pipeline and suggest one specific improvement to commu...
2026-03-14 00:56:29,990 [ROTATOR]   \u2192 Review recent blackboard outputs and identify the most common failure pattern ac...
2026-03-14 00:56:29,991 [ROTATOR]   \u2192 Generate 5 new high-value tasks that would push swarm capability further than cu...
2026-03-14 00:57:30,023 [ROTATOR] Refilled 3 tasks (index 0 \u2192 3)
2026-03-14 00:57:30,025 [ROTATOR]   \u2192 Analyze the current agent pipeline and suggest one specific improvement to commu...
2026-03-14 00:57:30,026 [ROTATOR]   \u2192 Review recent blackboard outputs and identify the most common failure pattern ac...
2026-03-14 00:57:30,027 [ROTATOR]   \u2192 Generate 5 new high-value tasks that would push swarm capability further than cu...
2026-03-14 00:58:30,035 [ROTATOR] Refilled 3 tasks (index 0 \u2192 3)
2026-03-14 00:58:30,036 [ROTATOR]   \u2192 Analyze the current agent pipeline and suggest one specific improvement to commu...
2026-03-14 00:58:30,037 [ROTATOR]   \u2192 Review recent blackboard outputs and identify the most common failure pattern ac...
2026-03-14 00:58:30,038 [ROTATOR]   \u2192 Generate 5 new high-value tasks that would push swarm capability further than cu...
2026-03-14 00:59:30,041 [ROTATOR] Queue has 3 tasks — no refill needed
2026-03-14 01:00:30,054 [ROTATOR] Refilled 3 tasks (index 0 \u2192 3)
2026-03-14 01:00:30,057 [ROTATOR]   \u2192 Analyze the current agent pipeline and suggest one specific improvement to commu...
2026-03-14 01:00:30,057 [ROTATOR]   \u2192 Review recent blackboard outputs and identify the most common failure pattern ac...
2026-03-14 01:00:30,058 [ROTATOR]   \u2192 Generate 5 new high-value tasks that would push swarm capability further than cu...
2026-03-14 01:01:30,069 [ROTATOR] Refilled 3 tasks (index 0 \u2192 3)
2026-03-14 01:01:30,072 [ROTATOR]   \u2192 Analyze the current agent pipeline and suggest one specific improvement to commu...
2026-03-14 01:01:30,073 [ROTATOR]   \u2192 Review recent blackboard outputs and identify the most common failure pattern ac...
2026-03-14 01:01:30,074 [ROTATOR]   \u2192 Generate 5 new high-value tasks that would push swarm capability further than cu...
2026-03-14 01:02:30,099 [ROTATOR] Refilled 3 tasks (index 0 \u2192 3)
2026-03-14 01:02:30,102 [ROTATOR]   \u2192 Analyze the current agent pipeline and suggest one specific improvement to commu...
2026-03-14 01:02:30,103 [ROTATOR]   \u2192 Review recent blackboard outputs and identify the most common failure pattern ac...
2026-03-14 01:02:30,103 [ROTATOR]   \u2192 Generate 5 new high-value tasks that would push swarm capability further than cu...
2026-03-14 01:03:30,129 [ROTATOR] Refilled 3 tasks (index 0 \u2192 3)
2026-03-14 01:03:30,131 [ROTATOR]   \u2192 Analyze the current agent pipeline and suggest one specific improvement to commu...
2026-03-14 01:03:30,132 [ROTATOR]   \u2192 Review recent blackboard outputs and identify the most common failure pattern ac...
2026-03-14 01:03:30,133 [ROTATOR]   \u2192 Generate 5 new high-value tasks that would push swarm capability further than cu...
2026-03-14 01:04:30,146 [ROTATOR] Refilled 3 tasks (index 0 \u2192 3)
2026-03-14 01:04:30,147 [ROTATOR]   \u2192 Analyze the current agent pipeline and suggest one specific improvement to commu...
2026-03-14 01:04:30,147 [ROTATOR]   \u2192 Review recent blackboard outputs and identify the most common failure pattern ac...
2026-03-14 01:04:30,148 [ROTATOR]   \u2192 Generate 5 new high-value tasks that would push swarm capability further than cu...
2026-03-14 01:05:30,155 [ROTATOR] Refilled 3 tasks (index 0 \u2192 3)
2026-03-14 01:05:30,156 [ROTATOR]   \u2192 Analyze the current agent pipeline and suggest one specific improvement to commu...
2026-03-14 01:05:30,156 [ROTATOR]   \u2192 Review recent blackboard outputs and identify the most common failure pattern ac...
2026-03-14 01:05:30,156 [ROTATOR]   \u2192 Generate 5 new high-value tasks that would push swarm capability further than cu...
2026-03-14 01:06:30,164 [ROTATOR] Refilled 3 tasks (index 0 \u2192 3)
2026-03-14 01:06:30,165 [ROTATOR]   \u2192 Analyze the current agent pipeline and suggest one specific improvement to commu...
2026-03-14 01:06:30,165 [ROTATOR]   \u2192 Review recent blackboard outputs and identify the most common failure pattern ac...
2026-03-14 01:06:30,166 [ROTATOR]   \u2192 Generate 5 new high-value tasks that would push swarm capability further than cu...
2026-03-14 01:07:30,174 [ROTATOR] Refilled 3 tasks (index 0 \u2192 3)
2026-03-14 01:07:30,175 [ROTATOR]   \u2192 Analyze the current agent pipeline and suggest one specific improvement to commu...
2026-03-14 01:07:30,176 [ROTATOR]   \u2192 Review recent blackboard outputs and identify the most common failure pattern ac...
2026-03-14 01:07:30,176 [ROTATOR]   \u2192 Generate 5 new high-value tasks that would push swarm capability further than cu...
2026-03-14 01:08:30,219 [ROTATOR] Refilled 3 tasks (index 0 \u2192 3)
2026-03-14 01:08:30,253 [ROTATOR]   \u2192 Analyze the current agent pipeline and suggest one specific improvement to commu...
2026-03-14 01:08:30,288 [ROTATOR]   \u2192 Review recent blackboard outputs and identify the most common failure pattern ac...
2026-03-14 01:08:30,313 [ROTATOR]   \u2192 Generate 5 new high-value tasks that would push swarm capability further than cu...
2026-03-14 01:09:30,348 [ROTATOR] Refilled 3 tasks (index 0 \u2192 3)
2026-03-14 01:09:30,349 [ROTATOR]   \u2192 Analyze the current agent pipeline and suggest one specific improvement to commu...
2026-03-14 01:09:30,349 [ROTATOR]   \u2192 Review recent blackboard outputs and identify the most common failure pattern ac...
2026-03-14 01:09:30,349 [ROTATOR]   \u2192 Generate 5 new high-value tasks that would push swarm capability further than cu...
2026-03-14 01:10:30,365 [ROTATOR] Refilled 3 tasks (index 0 \u2192 3)
2026-03-14 01:10:30,366 [ROTATOR]   \u2192 Analyze the current agent pipeline and suggest one specific improvement to commu...
2026-03-14 01:10:30,366 [ROTATOR]   \u2192 Review recent blackboard outputs and identify the most common failure pattern ac...
2026-03-14 01:10:30,366 [ROTATOR]   \u2192 Generate 5 new high-value tasks that would push swarm capability further than cu...
2026-03-14 01:11:30,383 [ROTATOR] Refilled 3 tasks (index 0 \u2192 3)
2026-03-14 01:11:30,384 [ROTATOR]   \u2192 Analyze the current agent pipeline and suggest one specific improvement to commu...
2026-03-14 01:11:30,384 [ROTATOR]   \u2192 Review recent blackboard outputs and identify the most common failure pattern ac...
2026-03-14 01:11:30,384 [ROTATOR]   \u2192 Generate 5 new high-value tasks that would push swarm capability further than cu...
2026-03-14 01:12:30,400 [ROTATOR] Refilled 3 tasks (index 0 \u2192 3)
2026-03-14 01:12:30,402 [ROTATOR]   \u2192 Analyze the current agent pipeline and suggest one specific improvement to commu...
2026-03-14 01:12:30,403 [ROTATOR]   \u2192 Review recent blackboard outputs and identify the most common failure pattern ac...
2026-03-14 01:12:30,404 [ROTATOR]   \u2192 Generate 5 new high-value tasks that would push swarm capability further than cu...
2026-03-14 01:13:30,420 [ROTATOR] Refilled 3 tasks (index 0 \u2192 3)
2026-03-14 01:13:30,420 [ROTATOR]   \u2192 Analyze the current agent pipeline and suggest one specific improvement to commu...
2026-03-14 01:13:30,421 [ROTATOR]   \u2192 Review recent blackboard outputs and identify the most common failure pattern ac...
2026-03-14 01:13:30,421 [ROTATOR]   \u2192 Generate 5 new high-value tasks that would push swarm capability further than cu...
2026-03-14 01:14:30,434 [ROTATOR] Refilled 3 tasks (index 0 \u2192 3)
2026-03-14 01:14:30,435 [ROTATOR]   \u2192 Analyze the current agent pipeline and suggest one specific improvement to commu...
2026-03-14 01:14:30,436 [ROTATOR]   \u2192 Review recent blackboard outputs and identify the most common failure pattern ac...
2026-03-14 01:14:30,436 [ROTATOR]   \u2192 Generate 5 new high-value tasks that would push swarm capability further than cu...
2026-03-14 01:15:30,450 [ROTATOR] Refilled 3 tasks (index 0 \u2192 3)
2026-03-14 01:15:30,452 [ROTATOR]   \u2192 Analyze the current agent pipeline and suggest one specific improvement to commu...
2026-03-14 01:15:30,452 [ROTATOR]   \u2192 Review recent blackboard outputs and identify the most common failure pattern ac...
2026-03-14 01:15:30,453 [ROTATOR]   \u2192 Generate 5 new high-value tasks that would push swarm capability further than cu...
2026-03-14 01:16:30,468 [ROTATOR] Refilled 3 tasks (index 0 \u2192 3)
2026-03-14 01:16:30,470 [ROTATOR]   \u2192 Analyze the current agent pipeline and suggest one specific improvement to commu...
2026-03-14 01:16:30,470 [ROTATOR]   \u2192 Review recent blackboard outputs and identify the most common failure pattern ac...
2026-03-14 01:16:30,470 [ROTATOR]   \u2192 Generate 5 new high-value tasks that would push swarm capability further than cu...
2026-03-14 01:17:30,479 [ROTATOR] Refilled 3 tasks (index 0 \u2192 3)
2026-03-14 01:17:30,479 [ROTATOR]   \u2192 Analyze the current agent pipeline and suggest one specific improvement to commu...
2026-03-14 01:17:30,480 [ROTATOR]   \u2192 Review recent blackboard outputs and identify the most common failure pattern ac...
2026-03-14 01:17:30,480 [ROTATOR]   \u2192 Generate 5 new high-value tasks that would push swarm capability further than cu...
2026-03-14 01:18:30,486 [ROTATOR] Refilled 3 tasks (index 0 \u2192 3)
2026-03-14 01:18:30,487 [ROTATOR]   \u2192 Analyze the current agent pipeline and suggest one specific improvement to commu...
2026-03-14 01:18:30,487 [ROTATOR]   \u2192 Review recent blackboard outputs and identify the most common failure pattern ac...
2026-03-14 01:18:30,488 [ROTATOR]   \u2192 Generate 5 new high-value tasks that would push swarm capability further than cu...
2026-03-14 01:19:30,493 [ROTATOR] Refilled 3 tasks (index 0 \u2192 3)
2026-03-14 01:19:30,494 [ROTATOR]   \u2192 Analyze the current agent pipeline and suggest one specific improvement to commu...
2026-03-14 01:19:30,495 [ROTATOR]   \u2192 Review recent blackboard outputs and identify the most common failure pattern ac...
2026-03-14 01:19:30,495 [ROTATOR]   \u2192 Generate 5 new high-value tasks that would push swarm capability further than cu...
2026-03-14 01:20:30,513 [ROTATOR] Refilled 3 tasks (index 0 \u2192 3)
2026-03-14 01:20:30,514 [ROTATOR]   \u2192 Analyze the current agent pipeline and suggest one specific improvement to commu...
2026-03-14 01:20:30,515 [ROTATOR]   \u2192 Review recent blackboard outputs and identify the most common failure pattern ac...
2026-03-14 01:20:30,515 [ROTATOR]   \u2192 Generate 5 new high-value tasks that would push swarm capability further than cu...
2026-03-14 01:21:30,534 [ROTATOR] Refilled 3 tasks (index 0 \u2192 3)
2026-03-14 01:21:30,536 [ROTATOR]   \u2192 Analyze the current agent pipeline and suggest one specific improvement to commu...
2026-03-14 01:21:30,536 [ROTATOR]   \u2192 Review recent blackboard outputs and identify the most common failure pattern ac...
2026-03-14 01:21:30,537 [ROTATOR]   \u2192 Generate 5 new high-value tasks that would push swarm capability further than cu...
2026-03-14 01:22:30,551 [ROTATOR] Refilled 3 tasks (index 0 \u2192 3)
2026-03-14 01:22:30,552 [ROTATOR]   \u2192 Analyze the current agent pipeline and suggest one specific improvement to commu...
2026-03-14 01:22:30,553 [ROTATOR]   \u2192 Review recent blackboard outputs and identify the most common failure pattern ac...
2026-03-14 01:22:30,553 [ROTATOR]   \u2192 Generate 5 new high-value tasks that would push swarm capability further than cu...
2026-03-14 01:23:30,573 [ROTATOR] Refilled 3 tasks (index 0 \u2192 3)
2026-03-14 01:23:30,573 [ROTATOR]   \u2192 Analyze the current agent pipeline and suggest one specific improvement to commu...
2026-03-14 01:23:30,574 [ROTATOR]   \u2192 Review recent blackboard outputs and identify the most common failure pattern ac...
2026-03-14 01:23:30,575 [ROTATOR]   \u2192 Generate 5 new high-value tasks that would push swarm capability further than cu...
2026-03-14 01:24:30,588 [ROTATOR] Refilled 3 tasks (index 0 \u2192 3)
2026-03-14 01:24:30,590 [ROTATOR]   \u2192 Analyze the current agent pipeline and suggest one specific improvement to commu...
2026-03-14 01:24:30,591 [ROTATOR]   \u2192 Review recent blackboard outputs and identify the most common failure pattern ac...
2026-03-14 01:24:30,591 [ROTATOR]   \u2192 Generate 5 new high-value tasks that would push swarm capability further than cu...
2026-03-14 01:25:30,608 [ROTATOR] Refilled 3 tasks (index 0 \u2192 3)
2026-03-14 01:25:30,613 [ROTATOR]   \u2192 Analyze the current agent pipeline and suggest one specific improvement to commu...
2026-03-14 01:25:30,613 [ROTATOR]   \u2192 Review recent blackboard outputs and identify the most common failure pattern ac...
2026-03-14 01:25:30,614 [ROTATOR]   \u2192 Generate 5 new high-value tasks that would push swarm capability further than cu...
2026-03-14 01:26:30,623 [ROTATOR] Refilled 3 tasks (index 0 \u2192 3)
2026-03-14 01:26:30,624 [ROTATOR]   \u2192 Analyze the current agent pipeline and suggest one specific improvement to commu...
2026-03-14 01:26:30,624 [ROTATOR]   \u2192 Review recent blackboard outputs and identify the most common failure pattern ac...
2026-03-14 01:26:30,624 [ROTATOR]   \u2192 Generate 5 new high-value tasks that would push swarm capability further than cu...
2026-03-14 01:27:30,648 [ROTATOR] Refilled 3 tasks (index 0 \u2192 3)
2026-03-14 01:27:30,650 [ROTATOR]   \u2192 Analyze the current agent pipeline and suggest one specific improvement to commu...
2026-03-14 01:27:30,651 [ROTATOR]   \u2192 Review recent blackboard outputs and identify the most common failure pattern ac...
2026-03-14 01:27:30,651 [ROTATOR]   \u2192 Generate 5 new high-value tasks that would push swarm capability further than cu...
2026-03-14 01:28:30,675 [ROTATOR] Refilled 3 tasks (index 0 \u2192 3)
2026-03-14 01:28:30,677 [ROTATOR]   \u2192 Analyze the current agent pipeline and suggest one specific improvement to commu...
2026-03-14 01:28:30,677 [ROTATOR]   \u2192 Review recent blackboard outputs and identify the most common failure pattern ac...
2026-03-14 01:28:30,678 [ROTATOR]   \u2192 Generate 5 new high-value tasks that would push swarm capability further than cu...
2026-03-14 01:29:30,686 [ROTATOR] Refilled 3 tasks (index 0 \u2192 3)
2026-03-14 01:29:30,686 [ROTATOR]   \u2192 Analyze the current agent pipeline and suggest one specific improvement to commu...
2026-03-14 01:29:30,687 [ROTATOR]   \u2192 Review recent blackboard outputs and identify the most common failure pattern ac...
2026-03-14 01:29:30,687 [ROTATOR]   \u2192 Generate 5 new high-value tasks that would push swarm capability further than cu...
2026-03-14 01:30:30,698 [ROTATOR] Refilled 3 tasks (index 0 \u2192 3)
2026-03-14 01:30:30,699 [ROTATOR]   \u2192 Analyze the current agent pipeline and suggest one specific improvement to commu...
2026-03-14 01:30:30,699 [ROTATOR]   \u2192 Review recent blackboard outputs and identify the most common failure pattern ac...
2026-03-14 01:30:30,700 [ROTATOR]   \u2192 Generate 5 new high-value tasks that would push swarm capability further than cu...
2026-03-14 01:31:30,709 [ROTATOR] Refilled 3 tasks (index 0 \u2192 3)
2026-03-14 01:31:30,710 [ROTATOR]   \u2192 Analyze the current agent pipeline and suggest one specific improvement to commu...
2026-03-14 01:31:30,710 [ROTATOR]   \u2192 Review recent blackboard outputs and identify the most common failure pattern ac...
2026-03-14 01:31:30,711 [ROTATOR]   \u2192 Generate 5 new high-value tasks that would push swarm capability further than cu...
2026-03-14 01:32:30,717 [ROTATOR] Refilled 3 tasks (index 0 \u2192 3)
2026-03-14 01:32:30,718 [ROTATOR]   \u2192 Analyze the current agent pipeline and suggest one specific improvement to commu...
2026-03-14 01:32:30,718 [ROTATOR]   \u2192 Review recent blackboard outputs and identify the most common failure pattern ac...
2026-03-14 01:32:30,719 [ROTATOR]   \u2192 Generate 5 new high-value tasks that would push swarm capability further than cu...
2026-03-14 01:33:30,729 [ROTATOR] Refilled 3 tasks (index 0 \u2192 3)
2026-03-14 01:33:30,730 [ROTATOR]   \u2192 Analyze the current agent pipeline and suggest one specific improvement to commu...
2026-03-14 01:33:30,730 [ROTATOR]   \u2192 Review recent blackboard outputs and identify the most common failure pattern ac...
2026-03-14 01:33:30,731 [ROTATOR]   \u2192 Generate 5 new high-value tasks that would push swarm capability further than cu...
2026-03-14 01:34:30,760 [ROTATOR] Refilled 3 tasks (index 0 \u2192 3)
2026-03-14 01:34:30,762 [ROTATOR]   \u2192 Analyze the current agent pipeline and suggest one specific improvement to commu...
2026-03-14 01:34:30,762 [ROTATOR]   \u2192 Review recent blackboard outputs and identify the most common failure pattern ac...
2026-03-14 01:34:30,763 [ROTATOR]   \u2192 Generate 5 new high-value tasks that would push swarm capability further than cu...
2026-03-14 01:35:30,784 [ROTATOR] Refilled 3 tasks (index 0 \u2192 3)
2026-03-14 01:35:30,785 [ROTATOR]   \u2192 Analyze the current agent pipeline and suggest one specific improvement to commu...
2026-03-14 01:35:30,786 [ROTATOR]   \u2192 Review recent blackboard outputs and identify the most common failure pattern ac...
2026-03-14 01:35:30,787 [ROTATOR]   \u2192 Generate 5 new high-value tasks that would push swarm capability further than cu...
2026-03-14 01:36:30,803 [ROTATOR] Refilled 3 tasks (index 0 \u2192 3)
2026-03-14 01:36:30,804 [ROTATOR]   \u2192 Analyze the current agent pipeline and suggest one specific improvement to commu...
2026-03-14 01:36:30,804 [ROTATOR]   \u2192 Review recent blackboard outputs and identify the most common failure pattern ac...
2026-03-14 01:36:30,805 [ROTATOR]   \u2192 Generate 5 new high-value tasks that would push swarm capability further than cu...
2026-03-14 01:37:30,818 [ROTATOR] Refilled 3 tasks (index 0 \u2192 3)
2026-03-14 01:37:30,821 [ROTATOR]   \u2192 Analyze the current agent pipeline and suggest one specific improvement to commu...
2026-03-14 01:37:30,821 [ROTATOR]   \u2192 Review recent blackboard outputs and identify the most common failure pattern ac...
2026-03-14 01:37:30,822 [ROTATOR]   \u2192 Generate 5 new high-value tasks that would push swarm capability further than cu...
2026-03-14 01:38:30,829 [ROTATOR] Refilled 3 tasks (index 0 \u2192 3)
2026-03-14 01:38:30,832 [ROTATOR]   \u2192 Analyze the current agent pipeline and suggest one specific improvement to commu...
2026-03-14 01:38:30,834 [ROTATOR]   \u2192 Review recent blackboard outputs and identify the most common failure pattern ac...
2026-03-14 01:38:30,834 [ROTATOR]   \u2192 Generate 5 new high-value tasks that would push swarm capability further than cu...
2026-03-14 01:39:30,849 [ROTATOR] Refilled 3 tasks (index 0 \u2192 3)
2026-03-14 01:39:30,850 [ROTATOR]   \u2192 Analyze the current agent pipeline and suggest one specific improvement to commu...
2026-03-14 01:39:30,850 [ROTATOR]   \u2192 Review recent blackboard outputs and identify the most common failure pattern ac...
2026-03-14 01:39:30,851 [ROTATOR]   \u2192 Generate 5 new high-value tasks that would push swarm capability further than cu...
2026-03-14 01:40:30,867 [ROTATOR] Refilled 3 tasks (index 0 \u2192 3)
2026-03-14 01:40:30,868 [ROTATOR]   \u2192 Analyze the current agent pipeline and suggest one specific improvement to commu...
2026-03-14 01:40:30,869 [ROTATOR]   \u2192 Review recent blackboard outputs and identify the most common failure pattern ac...
2026-03-14 01:40:30,869 [ROTATOR]   \u2192 Generate 5 new high-value tasks that would push swarm capability further than cu...
2026-03-14 01:41:30,875 [ROTATOR] Refilled 3 tasks (index 0 \u2192 3)
2026-03-14 01:41:30,876 [ROTATOR]   \u2192 Analyze the current agent pipeline and suggest one specific improvement to commu...
2026-03-14 01:41:30,876 [ROTATOR]   \u2192 Review recent blackboard outputs and identify the most common failure pattern ac...
2026-03-14 01:41:30,877 [ROTATOR]   \u2192 Generate 5 new high-value tasks that would push swarm capability further than cu...
2026-03-14 01:42:30,900 [ROTATOR] Refilled 3 tasks (index 0 \u2192 3)
2026-03-14 01:42:30,901 [ROTATOR]   \u2192 Analyze the current agent pipeline and suggest one specific improvement to commu...
2026-03-14 01:42:30,901 [ROTATOR]   \u2192 Review recent blackboard outputs and identify the most common failure pattern ac...
2026-03-14 01:42:30,902 [ROTATOR]   \u2192 Generate 5 new high-value tasks that would push swarm capability further than cu...
2026-03-14 01:43:30,909 [ROTATOR] Refilled 3 tasks (index 0 \u2192 3)
2026-03-14 01:43:30,910 [ROTATOR]   \u2192 Analyze the current agent pipeline and suggest one specific improvement to commu...
2026-03-14 01:43:30,910 [ROTATOR]   \u2192 Review recent blackboard outputs and identify the most common failure pattern ac...
2026-03-14 01:43:30,910 [ROTATOR]   \u2192 Generate 5 new high-value tasks that would push swarm capability further than cu...
2026-03-14 01:44:30,924 [ROTATOR] Refilled 3 tasks (index 0 \u2192 3)
2026-03-14 01:44:30,924 [ROTATOR]   \u2192 Analyze the current agent pipeline and suggest one specific improvement to commu...
2026-03-14 01:44:30,925 [ROTATOR]   \u2192 Review recent blackboard outputs and identify the most common failure pattern ac...
2026-03-14 01:44:30,925 [ROTATOR]   \u2192 Generate 5 new high-value tasks that would push swarm capability further than cu...
2026-03-14 01:45:30,936 [ROTATOR] Refilled 3 tasks (index 0 \u2192 3)
2026-03-14 01:45:30,938 [ROTATOR]   \u2192 Analyze the current agent pipeline and suggest one specific improvement to commu...
2026-03-14 01:45:30,938 [ROTATOR]   \u2192 Review recent blackboard outputs and identify the most common failure pattern ac...
2026-03-14 01:45:30,938 [ROTATOR]   \u2192 Generate 5 new high-value tasks that would push swarm capability further than cu...
2026-03-14 01:46:30,954 [ROTATOR] Refilled 3 tasks (index 0 \u2192 3)
2026-03-14 01:46:30,955 [ROTATOR]   \u2192 Analyze the current agent pipeline and suggest one specific improvement to commu...
2026-03-14 01:46:30,955 [ROTATOR]   \u2192 Review recent blackboard outputs and identify the most common failure pattern ac...
2026-03-14 01:46:30,956 [ROTATOR]   \u2192 Generate 5 new high-value tasks that would push swarm capability further than cu...
2026-03-14 01:47:30,970 [ROTATOR] Refilled 3 tasks (index 0 \u2192 3)
2026-03-14 01:47:30,970 [ROTATOR]   \u2192 Analyze the current agent pipeline and suggest one specific improvement to commu...
2026-03-14 01:47:30,971 [ROTATOR]   \u2192 Review recent blackboard outputs and identify the most common failure pattern ac...
2026-03-14 01:47:30,971 [ROTATOR]   \u2192 Generate 5 new high-value tasks that would push swarm capability further than cu...
2026-03-14 01:48:30,982 [ROTATOR] Refilled 3 tasks (index 0 \u2192 3)
2026-03-14 01:48:30,983 [ROTATOR]   \u2192 Analyze the current agent pipeline and suggest one specific improvement to commu...
2026-03-14 01:48:30,983 [ROTATOR]   \u2192 Review recent blackboard outputs and identify the most common failure pattern ac...
2026-03-14 01:48:30,984 [ROTATOR]   \u2192 Generate 5 new high-value tasks that would push swarm capability further than cu...
2026-03-14 01:49:30,997 [ROTATOR] Refilled 3 tasks (index 0 \u2192 3)
2026-03-14 01:49:30,998 [ROTATOR]   \u2192 Analyze the current agent pipeline and suggest one specific improvement to commu...
2026-03-14 01:49:30,998 [ROTATOR]   \u2192 Review recent blackboard outputs and identify the most common failure pattern ac...
2026-03-14 01:49:30,998 [ROTATOR]   \u2192 Generate 5 new high-value tasks that would push swarm capability further than cu...
2026-03-14 01:50:31,013 [ROTATOR] Refilled 3 tasks (index 0 \u2192 3)
2026-03-14 01:50:31,014 [ROTATOR]   \u2192 Analyze the current agent pipeline and suggest one specific improvement to commu...
2026-03-14 01:50:31,015 [ROTATOR]   \u2192 Review recent blackboard outputs and identify the most common failure pattern ac...
2026-03-14 01:50:31,015 [ROTATOR]   \u2192 Generate 5 new high-value tasks that would push swarm capability further than cu...
2026-03-14 01:51:31,027 [ROTATOR] Refilled 3 tasks (index 0 \u2192 3)
2026-03-14 01:51:31,030 [ROTATOR]   \u2192 Analyze the current agent pipeline and suggest one specific improvement to commu...
2026-03-14 01:51:31,032 [ROTATOR]   \u2192 Review recent blackboard outputs and identify the most common failure pattern ac...
2026-03-14 01:51:31,033 [ROTATOR]   \u2192 Generate 5 new high-value tasks that would push swarm capability further than cu...
2026-03-14 01:52:31,047 [ROTATOR] Refilled 3 tasks (index 0 \u2192 3)
2026-03-14 01:52:31,049 [ROTATOR]   \u2192 Analyze the current agent pipeline and suggest one specific improvement to commu...
2026-03-14 01:52:31,050 [ROTATOR]   \u2192 Review recent blackboard outputs and identify the most common failure pattern ac...
2026-03-14 01:52:31,051 [ROTATOR]   \u2192 Generate 5 new high-value tasks that would push swarm capability further than cu...
2026-03-14 01:53:31,064 [ROTATOR] Refilled 3 tasks (index 0 \u2192 3)
2026-03-14 01:53:31,064 [ROTATOR]   \u2192 Analyze the current agent pipeline and suggest one specific improvement to commu...
2026-03-14 01:53:31,065 [ROTATOR]   \u2192 Review recent blackboard outputs and identify the most common failure pattern ac...
2026-03-14 01:53:31,065 [ROTATOR]   \u2192 Generate 5 new high-value tasks that would push swarm capability further than cu...
2026-03-14 01:54:31,075 [ROTATOR] Refilled 3 tasks (index 0 \u2192 3)
2026-03-14 01:54:31,076 [ROTATOR]   \u2192 Analyze the current agent pipeline and suggest one specific improvement to commu...
2026-03-14 01:54:31,077 [ROTATOR]   \u2192 Review recent blackboard outputs and identify the most common failure pattern ac...
2026-03-14 01:54:31,077 [ROTATOR]   \u2192 Generate 5 new high-value tasks that would push swarm capability further than cu...
2026-03-14 01:55:31,084 [ROTATOR] Refilled 3 tasks (index 0 \u2192 3)
2026-03-14 01:55:31,084 [ROTATOR]   \u2192 Analyze the current agent pipeline and suggest one specific improvement to commu...
2026-03-14 01:55:31,085 [ROTATOR]   \u2192 Review recent blackboard outputs and identify the most common failure pattern ac...
2026-03-14 01:55:31,085 [ROTATOR]   \u2192 Generate 5 new high-value tasks that would push swarm capability further than cu...
2026-03-14 01:56:31,121 [ROTATOR] Refilled 3 tasks (index 0 \u2192 3)
2026-03-14 01:56:31,152 [ROTATOR]   \u2192 Analyze the current agent pipeline and suggest one specific improvement to commu...
2026-03-14 01:56:31,173 [ROTATOR]   \u2192 Review recent blackboard outputs and identify the most common failure pattern ac...
2026-03-14 01:56:31,194 [ROTATOR]   \u2192 Generate 5 new high-value tasks that would push swarm capability further than cu...
2026-03-14 01:57:31,230 [ROTATOR] Refilled 3 tasks (index 0 \u2192 3)
2026-03-14 01:57:31,241 [ROTATOR]   \u2192 Analyze the current agent pipeline and suggest one specific improvement to commu...
2026-03-14 01:57:31,252 [ROTATOR]   \u2192 Review recent blackboard outputs and identify the most common failure pattern ac...
2026-03-14 01:57:31,259 [ROTATOR]   \u2192 Generate 5 new high-value tasks that would push swarm capability further than cu...
2026-03-14 01:58:31,276 [ROTATOR] Refilled 3 tasks (index 0 \u2192 3)
2026-03-14 01:58:31,276 [ROTATOR]   \u2192 Analyze the current agent pipeline and suggest one specific improvement to commu...
2026-03-14 01:58:31,276 [ROTATOR]   \u2192 Review recent blackboard outputs and identify the most common failure pattern ac...
2026-03-14 01:58:31,277 [ROTATOR]   \u2192 Generate 5 new high-value tasks that would push swarm capability further than cu...
2026-03-14 01:59:31,285 [ROTATOR] Refilled 3 tasks (index 0 \u2192 3)
2026-03-14 01:59:31,286 [ROTATOR]   \u2192 Analyze the current agent pipeline and suggest one specific improvement to commu...
2026-03-14 01:59:31,286 [ROTATOR]   \u2192 Review recent blackboard outputs and identify the most common failure pattern ac...
2026-03-14 01:59:31,286 [ROTATOR]   \u2192 Generate 5 new high-value tasks that would push swarm capability further than cu...
2026-03-14 02:00:31,297 [ROTATOR] Refilled 3 tasks (index 0 \u2192 3)
2026-03-14 02:00:31,298 [ROTATOR]   \u2192 Analyze the current agent pipeline and suggest one specific improvement to commu...
2026-03-14 02:00:31,298 [ROTATOR]   \u2192 Review recent blackboard outputs and identify the most common failure pattern ac...
2026-03-14 02:00:31,299 [ROTATOR]   \u2192 Generate 5 new high-value tasks that would push swarm capability further than cu...
2026-03-14 02:01:31,309 [ROTATOR] Refilled 3 tasks (index 0 \u2192 3)
2026-03-14 02:01:31,311 [ROTATOR]   \u2192 Analyze the current agent pipeline and suggest one specific improvement to commu...
2026-03-14 02:01:31,311 [ROTATOR]   \u2192 Review recent blackboard outputs and identify the most common failure pattern ac...
2026-03-14 02:01:31,312 [ROTATOR]   \u2192 Generate 5 new high-value tasks that would push swarm capability further than cu...
2026-03-14 02:02:31,334 [ROTATOR] Refilled 3 tasks (index 0 \u2192 3)
2026-03-14 02:02:31,337 [ROTATOR]   \u2192 Analyze the current agent pipeline and suggest one specific improvement to commu...
2026-03-14 02:02:31,337 [ROTATOR]   \u2192 Review recent blackboard outputs and identify the most common failure pattern ac...
2026-03-14 02:02:31,338 [ROTATOR]   \u2192 Generate 5 new high-value tasks that would push swarm capability further than cu...
2026-03-14 02:03:31,354 [ROTATOR] Refilled 3 tasks (index 0 \u2192 3)
2026-03-14 02:03:31,356 [ROTATOR]   \u2192 Analyze the current agent pipeline and suggest one specific improvement to commu...
2026-03-14 02:03:31,356 [ROTATOR]   \u2192 Review recent blackboard outputs and identify the most common failure pattern ac...
2026-03-14 02:03:31,357 [ROTATOR]   \u2192 Generate 5 new high-value tasks that would push swarm capability further than cu...
2026-03-14 02:04:31,372 [ROTATOR] Refilled 3 tasks (index 0 \u2192 3)
2026-03-14 02:04:31,372 [ROTATOR]   \u2192 Analyze the current agent pipeline and suggest one specific improvement to commu...
2026-03-14 02:04:31,373 [ROTATOR]   \u2192 Review recent blackboard outputs and identify the most common failure pattern ac...
2026-03-14 02:04:31,373 [ROTATOR]   \u2192 Generate 5 new high-value tasks that would push swarm capability further than cu...
2026-03-14 02:05:31,385 [ROTATOR] Refilled 3 tasks (index 0 \u2192 3)
2026-03-14 02:05:31,386 [ROTATOR]   \u2192 Analyze the current agent pipeline and suggest one specific improvement to commu...
2026-03-14 02:05:31,386 [ROTATOR]   \u2192 Review recent blackboard outputs and identify the most common failure pattern ac...
2026-03-14 02:05:31,386 [ROTATOR]   \u2192 Generate 5 new high-value tasks that would push swarm capability further than cu...
2026-03-14 02:06:31,404 [ROTATOR] Refilled 3 tasks (index 0 \u2192 3)
2026-03-14 02:06:31,405 [ROTATOR]   \u2192 Analyze the current agent pipeline and suggest one specific improvement to commu...
2026-03-14 02:06:31,405 [ROTATOR]   \u2192 Review recent blackboard outputs and identify the most common failure pattern ac...
2026-03-14 02:06:31,405 [ROTATOR]   \u2192 Generate 5 new high-value tasks that would push swarm capability further than cu...
