2026-03-03 19:03:40 === NEXUS ULTRA STARTUP ===
2026-03-03 19:03:42 Starting NEXUS server...
2026-03-03 19:03:42 NEXUS server PID: 48704
2026-03-03 19:03:45 Starting ngrok...
2026-03-03 19:03:45 ngrok PID: 28220
2026-03-03 19:03:50 PUBLIC URL: https://aggregatory-unrumored-elidia.ngrok-free.dev
2026-03-03 19:03:50 Sales page: https://aggregatory-unrumored-elidia.ngrok-free.dev/veilpiercer-pitch.html
2026-03-03 19:03:50 URL saved to Desktop: VEILPIERCER-LIVE-URL.txt
2026-03-03 19:03:50 Startup complete.
2026-03-09 21:19:52 === NEXUS ULTRA STARTUP ===
2026-03-09 21:19:54 Starting NEXUS server...
2026-03-09 21:19:54 NEXUS server PID: 26356
2026-03-09 21:19:56 Starting n8n...
2026-03-09 21:19:57 n8n PID: 
2026-03-09 21:20:00 Starting ngrok...
2026-03-09 21:20:03 ngrok PID: 33024
2026-03-09 21:20:07 PUBLIC URL: https://aggregatory-unrumored-elidia.ngrok-free.dev
2026-03-09 21:20:07 Sales page: https://aggregatory-unrumored-elidia.ngrok-free.dev/veilpiercer-pitch.html
2026-03-09 21:20:07 URL saved to Desktop: VEILPIERCER-LIVE-URL.txt
2026-03-09 21:20:07 Startup complete.
